<?xml version="1.0" encoding="UTF-8"?>
<!-- Generated by org.testng.reporters.JUnitXMLReporter -->
<testsuite hostname="Dell-PC" name="Login" tests="5" failures="0" timestamp="26 Jun 2019 03:39:00 GMT" time="49.404" errors="0">
  <testcase name="verifyAllFooterLinks" time="15.56" classname="com.orangehrm.tests.LoginTest"/>
  <testcase name="verifyFooterText" time="0.074" classname="com.orangehrm.tests.LoginTest"/>
  <testcase name="verifyLoginWithBlankPassword" time="0.543" classname="com.orangehrm.tests.LoginTest"/>
  <testcase name="verifyLoginWithBlankUserName" time="0.355" classname="com.orangehrm.tests.LoginTest"/>
  <testcase name="verifyLoginWithInvalidCredentials" time="1.908" classname="com.orangehrm.tests.LoginTest"/>
</testsuite> <!-- Login -->
