<?xml version="1.0" encoding="UTF-8"?>
<!-- Generated by org.testng.reporters.JUnitXMLReporter -->
<testsuite hostname="Dell-PC" name="PIM" tests="2" failures="1" timestamp="26 Jun 2019 03:40:00 GMT" time="59.256" errors="0">
  <testcase name="verifyAddEmployee" time="16.329" classname="com.orangehrm.tests.AddEmployeeTest"/>
  <testcase name="verifyEditEmployee" time="30.838" classname="com.orangehrm.tests.AddEmployeeTest">
    <failure type="java.lang.AssertionError" message="Verify record after edit: Lists differ at element [0]: Rahul1 != RahulRahul1 expected [Rahul1] but found [RahulRahul1]">
      <![CDATA[java.lang.AssertionError: Verify record after edit: Lists differ at element [0]: Rahul1 != RahulRahul1 expected [Rahul1] but found [RahulRahul1]
	at com.orangehrm.tests.AddEmployeeTest.verifyEditEmployee(AddEmployeeTest.java:42)
... Removed 28 stack frames]]>
    </failure>
  </testcase> <!-- verifyEditEmployee -->
</testsuite> <!-- PIM -->
